********************************************************************************
DUPLICATOR-LITE PACKAGE-LOG: November 5, 2019 3:33 pm
NOTICE: Do NOT post to public sites or forums 
********************************************************************************
VERSION:	1.3.22
WORDPRESS:	5.2.4
PHP INFO:	7.1.4 | SAPI: fpm-fcgi
SERVER:		Apache/2.4.10 (Debian) 
PHP TIME LIMIT: (0) no time limit imposed 
PHP MAX MEMORY: 4294967296 (256M default) 
MEMORY STACK: 2MB

********************************************************************************
DATABASE:
********************************************************************************
BUILD MODE:   MYSQLDUMP
MYSQLTIMEOUT: 5000
MYSQLDUMP:    Is Supported
SQL CREATED: 20191105_cms_a900126d3b6812951449_20191105153203_database.sql
SQL FILE SIZE: 689.52KB (706068)
SQL FILE TIME: 2019-11-05 15:33:12
SQL RUNTIME: 0.32 sec.

********************************************************************************
ARCHIVE (ZIP):
********************************************************************************
ARCHIVE DIR:  /app/public
ARCHIVE FILE: 20191105_cms_a900126d3b6812951449_20191105153203_archive.zip
FILTERS: *OFF*
DIRS:
	not set
FILES:
	not set
EXTS:  not set
----------------------------------------
COMPRESSING
SIZE:	90.13MB
STATS:	Dirs 658 | Files 4,619
SQL ADDED: 20191105_cms_a900126d3b6812951449_20191105153203_database.sql
ZipArchive Object
(
    [status] => 0
    [statusSys] => 0
    [numFiles] => 5277
    [filename] => /app/public/wp-snapshots/tmp/20191105_cms_a900126d3b6812951449_20191105153203_archive.zip
    [comment] => 
)

FILE ADDED TO ZIP: 5276
COMPRESSION RESULT: '1'
COMPRESSED SIZE: 34.66MB
ARCHIVE RUNTIME: 28.92 sec.
MEMORY STACK: 4MB
building installer
add_extra_files1
add_extra_files2
add_extra_files3
add_extra_files4
Doing archive file check
add_extra_files5
add_extra_files6
add_extra_files8
Successfully opened zip /app/public/wp-snapshots/tmp/20191105_cms_a900126d3b6812951449_20191105153203_archive.zip
Adding enhanced installer files to archive using ZipArchive
Installer files added to archive
Added to archive
After ziparchive close when adding installer

********************************************************************************
INTEGRITY CHECKS:
********************************************************************************
SQL FILE: 689.52KB
INSTALLER FILE: 60.52KB
ARCHIVE FILE: 35.99MB 
EXPECTED FILE/DIRECTORY COUNT: 5,277
ACTUAL FILE/DIRECTORY COUNT: 5,276
ARCHIVE CONSISTENCY TEST: Pass

********************************************************************************
RECORD ID:[1]
TOTAL PROCESS RUNTIME: 31.43 sec.
PEAK PHP MEMORY USED: 4MB
DONE PROCESSING => 20191105_cms November 5, 2019 3:33 pm

